<?xml version="1.0" encoding="UTF-8"?>
<!-- Generated by org.testng.reporters.JUnitReportReporter -->
<testsuite hostname="Sibasankar" failures="0" tests="2" name="com.crm.OrgTest.CreateOrganizationTest" time="80.872" errors="0" timestamp="2022-02-02T14:37:42 IST" skipped="0">
  <testcase classname="com.crm.OrgTest.CreateOrganizationTest" name="createOrganizationTest" time="43.984"/>
  <system-out/>
  <testcase classname="com.crm.OrgTest.CreateOrganizationTest" name="createOrganizationwithIndustryandtypeTest" time="36.888"/>
  <system-out/>
</testsuite> <!-- com.crm.OrgTest.CreateOrganizationTest -->
