<?xml version="1.0" encoding="UTF-8"?>
<!-- Generated by org.testng.reporters.JUnitReportReporter -->
<testsuite hostname="Sibasankar" failures="0" tests="2" name="com.crm.Comcast.ContactTest.ContactContactTest" time="83.231" errors="0" timestamp="2022-02-02T14:37:42 IST" skipped="0">
  <testcase classname="com.crm.Comcast.ContactTest.ContactContactTest" name="createcontactTest" time="28.133"/>
  <system-out/>
  <testcase classname="com.crm.Comcast.ContactTest.ContactContactTest" name="CreateOrganizationWithContactTest" time="55.098"/>
  <system-out/>
</testsuite> <!-- com.crm.Comcast.ContactTest.ContactContactTest -->
